<?xml version="1.0" encoding="UTF-8"?>
<testsuites name="jest tests" tests="43" failures="0" errors="0" time="5.631">
  <testsuite name="features/LoginForm" errors="0" failures="0" skipped="0" timestamp="2026-05-27T12:43:38" time="2.504" tests="1">
    <testcase classname="features/LoginForm Primary smoke-test" name="features/LoginForm Primary smoke-test" time="0.486">
    </testcase>
  </testsuite>
  <testsuite name="widgets/Navbar" errors="0" failures="0" skipped="0" timestamp="2026-05-27T12:43:38" time="2.676" tests="2">
    <testcase classname="widgets/Navbar Light smoke-test" name="widgets/Navbar Light smoke-test" time="0.466">
    </testcase>
    <testcase classname="widgets/Navbar Dark smoke-test" name="widgets/Navbar Dark smoke-test" time="0.217">
    </testcase>
  </testsuite>
  <testsuite name="pages/NotFoundPage" errors="0" failures="0" skipped="0" timestamp="2026-05-27T12:43:38" time="2.718" tests="2">
    <testcase classname="pages/NotFoundPage Normal smoke-test" name="pages/NotFoundPage Normal smoke-test" time="0.438">
    </testcase>
    <testcase classname="pages/NotFoundPage Dark smoke-test" name="pages/NotFoundPage Dark smoke-test" time="0.233">
    </testcase>
  </testsuite>
  <testsuite name="pages/MainPage" errors="0" failures="0" skipped="0" timestamp="2026-05-27T12:43:38" time="2.773" tests="2">
    <testcase classname="pages/MainPage Normal smoke-test" name="pages/MainPage Normal smoke-test" time="0.438">
    </testcase>
    <testcase classname="pages/MainPage Dark smoke-test" name="pages/MainPage Dark smoke-test" time="0.229">
    </testcase>
  </testsuite>
  <testsuite name="pages/AboutPage" errors="0" failures="0" skipped="0" timestamp="2026-05-27T12:43:38" time="2.833" tests="2">
    <testcase classname="pages/AboutPage Normal smoke-test" name="pages/AboutPage Normal smoke-test" time="0.341">
    </testcase>
    <testcase classname="pages/AboutPage Dark smoke-test" name="pages/AboutPage Dark smoke-test" time="0.248">
    </testcase>
  </testsuite>
  <testsuite name="widgets/ErrorPage" errors="0" failures="0" skipped="0" timestamp="2026-05-27T12:43:38" time="2.862" tests="2">
    <testcase classname="widgets/ErrorPage Light smoke-test" name="widgets/ErrorPage Light smoke-test" time="0.411">
    </testcase>
    <testcase classname="widgets/ErrorPage Dark smoke-test" name="widgets/ErrorPage Dark smoke-test" time="0.312">
    </testcase>
  </testsuite>
  <testsuite name="widgets/SideBar" errors="0" failures="0" skipped="0" timestamp="2026-05-27T12:43:38" time="2.922" tests="2">
    <testcase classname="widgets/SideBar Light smoke-test" name="widgets/SideBar Light smoke-test" time="0.46">
    </testcase>
    <testcase classname="widgets/SideBar Dark smoke-test" name="widgets/SideBar Dark smoke-test" time="0.296">
    </testcase>
  </testsuite>
  <testsuite name="shared/AppLink" errors="0" failures="0" skipped="0" timestamp="2026-05-27T12:43:38" time="3.05" tests="4">
    <testcase classname="shared/AppLink Primary smoke-test" name="shared/AppLink Primary smoke-test" time="0.412">
    </testcase>
    <testcase classname="shared/AppLink Secondary smoke-test" name="shared/AppLink Secondary smoke-test" time="0.246">
    </testcase>
    <testcase classname="shared/AppLink PrimaryDark smoke-test" name="shared/AppLink PrimaryDark smoke-test" time="0.228">
    </testcase>
    <testcase classname="shared/AppLink SecondaryDark smoke-test" name="shared/AppLink SecondaryDark smoke-test" time="0.148">
    </testcase>
  </testsuite>
  <testsuite name="shared/Text" errors="0" failures="0" skipped="0" timestamp="2026-05-27T12:43:38" time="3.557" tests="7">
    <testcase classname="shared/Text Primary smoke-test" name="shared/Text Primary smoke-test" time="0.442">
    </testcase>
    <testcase classname="shared/Text Error smoke-test" name="shared/Text Error smoke-test" time="0.264">
    </testcase>
    <testcase classname="shared/Text OnlyTitle smoke-test" name="shared/Text OnlyTitle smoke-test" time="0.232">
    </testcase>
    <testcase classname="shared/Text OnlyText smoke-test" name="shared/Text OnlyText smoke-test" time="0.146">
    </testcase>
    <testcase classname="shared/Text PrimaryDark smoke-test" name="shared/Text PrimaryDark smoke-test" time="0.143">
    </testcase>
    <testcase classname="shared/Text OnlyTitleDark smoke-test" name="shared/Text OnlyTitleDark smoke-test" time="0.14">
    </testcase>
    <testcase classname="shared/Text OnlyTextDark smoke-test" name="shared/Text OnlyTextDark smoke-test" time="0.184">
    </testcase>
  </testsuite>
  <testsuite name="shared/Input" errors="0" failures="0" skipped="0" timestamp="2026-05-27T12:43:40" time="0.904" tests="1">
    <testcase classname="shared/Input Primary smoke-test" name="shared/Input Primary smoke-test" time="0.233">
    </testcase>
  </testsuite>
  <testsuite name="shared/Modal" errors="0" failures="0" skipped="0" timestamp="2026-05-27T12:43:40" time="0.867" tests="1">
    <testcase classname="shared/Modal Primary smoke-test" name="shared/Modal Primary smoke-test" time="0.225">
    </testcase>
  </testsuite>
  <testsuite name="widgets/ThemeSwitcher" errors="0" failures="0" skipped="0" timestamp="2026-05-27T12:43:40" time="1.198" tests="2">
    <testcase classname="widgets/ThemeSwitcher Normal smoke-test" name="widgets/ThemeSwitcher Normal smoke-test" time="0.253">
    </testcase>
    <testcase classname="widgets/ThemeSwitcher Dark smoke-test" name="widgets/ThemeSwitcher Dark smoke-test" time="0.134">
    </testcase>
  </testsuite>
  <testsuite name="shared/Loader" errors="0" failures="0" skipped="0" timestamp="2026-05-27T12:43:40" time="1.054" tests="2">
    <testcase classname="shared/Loader Normal smoke-test" name="shared/Loader Normal smoke-test" time="0.241">
    </testcase>
    <testcase classname="shared/Loader Dark smoke-test" name="shared/Loader Dark smoke-test" time="0.125">
    </testcase>
  </testsuite>
  <testsuite name="shared/Button" errors="0" failures="0" skipped="0" timestamp="2026-05-27T12:43:38" time="4.386" tests="13">
    <testcase classname="shared/Button Primary smoke-test" name="shared/Button Primary smoke-test" time="0.353">
    </testcase>
    <testcase classname="shared/Button Clear smoke-test" name="shared/Button Clear smoke-test" time="0.24">
    </testcase>
    <testcase classname="shared/Button ClearInverted smoke-test" name="shared/Button ClearInverted smoke-test" time="0.142">
    </testcase>
    <testcase classname="shared/Button Outlined smoke-test" name="shared/Button Outlined smoke-test" time="0.148">
    </testcase>
    <testcase classname="shared/Button OutlinedSizeL smoke-test" name="shared/Button OutlinedSizeL smoke-test" time="0.161">
    </testcase>
    <testcase classname="shared/Button OutlinedSizeXL smoke-test" name="shared/Button OutlinedSizeXL smoke-test" time="0.166">
    </testcase>
    <testcase classname="shared/Button OutlinedDark smoke-test" name="shared/Button OutlinedDark smoke-test" time="0.133">
    </testcase>
    <testcase classname="shared/Button BackgroundTheme smoke-test" name="shared/Button BackgroundTheme smoke-test" time="0.116">
    </testcase>
    <testcase classname="shared/Button BackgroundInverted smoke-test" name="shared/Button BackgroundInverted smoke-test" time="0.109">
    </testcase>
    <testcase classname="shared/Button Square smoke-test" name="shared/Button Square smoke-test" time="0.11">
    </testcase>
    <testcase classname="shared/Button SquareSizeL smoke-test" name="shared/Button SquareSizeL smoke-test" time="0.108">
    </testcase>
    <testcase classname="shared/Button SquareSizeXL smoke-test" name="shared/Button SquareSizeXL smoke-test" time="0.106">
    </testcase>
    <testcase classname="shared/Button Disabled smoke-test" name="shared/Button Disabled smoke-test" time="0.114">
    </testcase>
  </testsuite>
</testsuites>